[2026-03-12 16:08:24] SOUND: gen key=weltretter -> weltretter.mp3
[2026-03-13 07:49:29] SOUND: gen key=maggi -> maggi.mp3
[2026-03-13 07:49:32] SOUND: gen key=schuessel -> schuessel.mp3
[2026-03-13 07:49:35] SOUND: gen key=tisch -> tisch.mp3
[2026-03-14 19:26:54] SOUND: gen key=stefan -> stefan.mp3
[2026-03-14 19:27:02] SOUND: gen key=conny -> conny.mp3
[2026-03-14 19:27:23] SOUND: gen key=franz -> franz.mp3
[2026-03-14 19:27:38] SOUND: gen key=trissi -> trissi.mp3
[2026-03-14 19:28:18] SOUND: gen key=patrick -> patrick.mp3
[2026-03-14 19:28:55] SOUND: gen key=tommy -> tommy.mp3
[2026-03-14 20:39:54] SOUND: gen key=alexmucxl85 -> alexmucxl85.mp3
[2026-03-14 20:40:00] SOUND: gen key=streifenfrei -> streifenfrei.mp3
[2026-03-14 20:40:37] SOUND: gen key=rosaeinhorn -> rosaeinhorn.mp3
[2026-03-14 20:40:52] SOUND: gen key=strohbert -> strohbert.mp3
[2026-03-14 20:41:27] SOUND: gen key=rektalrakete -> rektalrakete.mp3
[2026-03-14 21:45:03] SOUND: gen key=susi -> susi.mp3
[2026-03-14 21:45:11] SOUND: gen key=kloetenklaus -> kloetenklaus.mp3
[2026-03-14 21:45:20] SOUND: gen key=woop -> woop.mp3
[2026-03-14 21:45:26] SOUND: gen key=lola -> lola.mp3
[2026-03-14 21:45:30] SOUND: gen key=schwanzschweinch -> schwanzschweinch.mp3
[2026-03-14 22:51:15] SOUND: gen key=chantalle -> chantalle.mp3
[2026-03-14 22:55:02] SOUND: gen key=friday13th -> friday13th.mp3
[2026-03-14 22:55:20] SOUND: gen key=schwanzschwein -> schwanzschwein.mp3
[2026-03-14 22:55:27] SOUND: gen key=rudelbunsen -> rudelbunsen.mp3
[2026-03-14 22:55:53] SOUND: gen key=schmusekatze -> schmusekatze.mp3
[2026-03-14 22:57:09] SOUND: gen key=oesterreich -> oesterreich.mp3
[2026-03-14 22:57:27] SOUND: gen key=minzmuschi -> minzmuschi.mp3
[2026-03-14 22:57:55] SOUND: gen key=mops -> mops.mp3
[2026-03-15 00:11:26] SOUND: gen key=gabi -> gabi.mp3
[2026-03-15 00:11:49] SOUND: gen key=fickdichbitch -> fickdichbitch.mp3
[2026-03-15 00:11:55] SOUND: gen key=florence -> florence.mp3
[2026-03-15 00:12:12] SOUND: gen key=president -> president.mp3
[2026-03-15 00:12:41] SOUND: gen key=blasenausgang -> blasenausgang.mp3
[2026-03-15 00:13:09] SOUND: gen key=karen -> karen.mp3
[2026-03-15 00:59:25] SOUND: gen key=nogo -> nogo.mp3
[2026-03-15 01:00:57] SOUND: gen key=handshake -> handshake.mp3
[2026-03-15 01:01:42] SOUND: gen key=gundl -> gundl.mp3
[2026-03-15 01:02:22] SOUND: gen key=alexandersuess -> alexandersuess.mp3
[2026-03-15 01:03:36] SOUND: gen key=vera -> vera.mp3
[2026-03-17 19:39:28] SOUND: gen key=tristanowitsch -> tristanowitsch.mp3
[2026-03-20 16:44:39] SOUND: gen key=toni -> toni.mp3
[2026-03-20 22:45:50] SOUND: gen key=thorsten -> thorsten.mp3
[2026-03-20 22:46:03] SOUND: gen key=bengel -> bengel.mp3
[2026-03-20 22:46:08] SOUND: gen key=tittentoni -> tittentoni.mp3
[2026-03-20 22:46:10] SOUND: gen key=aleschka -> aleschka.mp3
[2026-03-20 23:14:23] SOUND: gen key=boberkurwa -> boberkurwa.mp3
[2026-03-20 23:14:29] SOUND: gen key=fotzen -> fotzen.mp3
[2026-03-20 23:14:47] SOUND: gen key=fri -> fri.mp3
[2026-03-20 23:14:50] SOUND: gen key=schwuler -> schwuler.mp3
[2026-03-20 23:14:58] SOUND: gen key=dirty -> dirty.mp3
[2026-03-21 01:26:51] SOUND: gen key=3mmc -> 3mmc.mp3
[2026-03-21 01:33:50] SOUND: gen key=syphilis -> syphilis.mp3
[2026-03-21 01:35:21] SOUND: gen key=kokaini -> kokaini.mp3
[2026-03-21 21:21:47] SOUND: gen key=beyerle -> beyerle.mp3
[2026-03-21 21:22:49] SOUND: gen key=mos -> mos.mp3
[2026-03-21 21:23:10] SOUND: gen key=aleranzer -> aleranzer.mp3
[2026-03-21 21:59:09] SOUND: gen key=fotzitoni -> fotzitoni.mp3
[2026-03-21 21:59:20] SOUND: gen key=moshoes -> moshoes.mp3
[2026-04-01 13:30:59] SOUND: gen key=alexh -> alexh.mp3
[2026-04-03 20:15:00] SOUND: gen key=tristanquizking -> tristanquizking.mp3
[2026-04-03 20:15:24] SOUND: gen key=elfi -> elfi.mp3
[2026-04-03 20:17:49] SOUND: gen key=schlaueralsihr -> schlaueralsihr.mp3
[2026-04-03 20:58:06] SOUND: gen key=phipsi -> phipsi.mp3
[2026-04-03 21:01:53] SOUND: gen key=fipsi -> fipsi.mp3
[2026-04-03 21:04:49] SOUND: gen key=sara -> sara.mp3
[2026-04-03 21:05:15] SOUND: gen key=eddi -> eddi.mp3
[2026-04-03 21:44:51] SOUND: gen key=clari -> clari.mp3
[2026-04-04 21:22:56] SOUND: gen key=alexopolus -> alexopolus.mp3
[2026-04-05 21:28:05] SOUND: gen key=fipsipos -> fipsipos.mp3
[2026-04-05 22:31:12] SOUND: gen key=tristanolopolis -> tristanolopolis.mp3
[2026-04-05 22:31:42] SOUND: gen key=elfistena -> elfistena.mp3
[2026-04-05 22:32:19] SOUND: gen key=saraklis -> saraklis.mp3
[2026-04-05 22:34:06] SOUND: gen key=eduardos -> eduardos.mp3
[2026-04-06 20:00:22] SOUND: gen key=saralakis -> saralakis.mp3
[2026-04-06 20:44:38] SOUND: gen key=eddinator -> eddinator.mp3
[2026-04-07 20:53:42] SOUND: gen key=hannah -> hannah.mp3
[2026-04-08 21:24:44] SOUND: gen key=tina -> tina.mp3
[2026-04-22 09:41:18] SOUND: gen key=mac -> mac.mp3
[2026-04-22 21:23:17] SOUND: gen key=atlas -> atlas.mp3
[2026-04-23 13:12:23] SOUND: gen key=firefox -> firefox.mp3
[2026-04-24 19:47:56] SOUND: gen key=frida -> frida.mp3
[2026-04-24 19:48:24] SOUND: gen key=tuete -> tuete.mp3
[2026-04-24 19:48:34] SOUND: gen key=rehneh -> rehneh.mp3
[2026-04-24 19:49:13] SOUND: gen key=chantal -> chantal.mp3
[2026-04-24 20:52:43] SOUND: gen key=aaandiii -> aaandiii.mp3
[2026-04-24 20:53:10] SOUND: gen key=sharkking -> sharkking.mp3
[2026-04-24 20:53:16] SOUND: gen key=kackikacki -> kackikacki.mp3
[2026-04-24 20:53:23] SOUND: gen key=gummibaer -> gummibaer.mp3
[2026-04-24 20:53:25] SOUND: gen key=analphabet -> analphabet.mp3
[2026-04-24 21:59:52] SOUND: gen key=nemo -> nemo.mp3
[2026-04-24 22:00:38] SOUND: gen key=zrruerznwos -> zrruerznwos.mp3
[2026-04-24 22:00:46] SOUND: gen key=otto -> otto.mp3
[2026-04-24 23:06:26] SOUND: gen key=quizlord -> quizlord.mp3
[2026-04-24 23:06:44] SOUND: gen key=myday -> myday.mp3
[2026-04-24 23:06:46] SOUND: gen key=miss -> miss.mp3
[2026-04-24 23:07:30] SOUND: gen key=tim -> tim.mp3
[2026-04-24 23:07:39] SOUND: gen key=diequizmaus -> diequizmaus.mp3
[2026-04-24 23:09:10] SOUND: gen key=quizmaus -> quizmaus.mp3
[2026-04-24 23:09:23] SOUND: gen key=lio -> lio.mp3
